===========================================================================
| ACPYPE: AnteChamber PYthon Parser interfacE v. 2022.7.21 (c) 2023 AWSdS |
===========================================================================
DEBUG: CLI: -p ligand.prmtop -x ligand.inpcrd -d
DEBUG: Python Version 3.10.10 | packaged by conda-forge | (main, Mar 24 2023, 20:08:06) [GCC 11.3.0]
Converting Amber input files to Gromacs ...
DEBUG: prmtop and inpcrd files loaded
DEBUG: basename defined = 'EDY'
DEBUG: getCoords done
DEBUG: getABCOEFs done
DEBUG: charge to be balanced: total -0.9999999997
DEBUG: balanceCharges done
DEBUG: Balanced TotalCharge -1.0000000000
DEBUG: PBC = None
DEBUG: getAtoms done
DEBUG: getBonds done
DEBUG: getAngles done
DEBUG: getDihedrals done
==> Writing GROMACS files

==> Disambiguating lower and uppercase atomtypes in GMX top file, even if identical.

DEBUG: writing GRO file
DEBUG: Box size estimated
DEBUG: writing POSRE file
DEBUG: atomTypes 16
DEBUG: GMX atomtypes done
DEBUG: atoms 36
DEBUG: GMX atoms done
DEBUG: bonds 36
DEBUG: GMX bonds done
DEBUG: atomPairs 60
DEBUG: GMX pairs done
DEBUG: angles 59
DEBUG: GMX angles done
DEBUG: setProperDihedralsCoef done
DEBUG: properDihedralsCoefRB 65
DEBUG: properDihedralsAlphaGamma 0
DEBUG: properDihedralsGmx45 73
==> Writing GMX dihedrals for GMX 4.5 and higher.

DEBUG: GMX special proper dihedrals done
DEBUG: improperDihedrals 8
DEBUG: GMX improper dihedrals done
DEBUG: prmtop and inpcrd files parsed
Total time of execution: less than a second
